<?xml version="1.0" encoding="UTF-8"?>
<testng-results skipped="0" failed="0" ignored="0" total="1" passed="1">
  <reporter-output>
  </reporter-output>
  <suite name="Automation Suite" duration-ms="21789" started-at="2020-02-22T23:06:18 GMT" finished-at="2020-02-22T23:06:40 GMT">
    <groups>
      <group name="cucumber">
        <method signature="AbstractTestNGCucumberTests.runScenario(io.cucumber.testng.PickleWrapper, io.cucumber.testng.FeatureWrapper)[pri:0, instance:cucumberOptions.TestRunner@ba2f4ec]" name="runScenario" class="io.cucumber.testng.AbstractTestNGCucumberTests"/>
      </group> <!-- cucumber -->
    </groups>
    <test name="Auto assignment tests" duration-ms="21789" started-at="2020-02-22T23:06:18 GMT" finished-at="2020-02-22T23:06:40 GMT">
      <class name="cucumberOptions.TestRunner">
        <test-method status="PASS" signature="setUpClass()[pri:0, instance:cucumberOptions.TestRunner@ba2f4ec]" name="setUpClass" is-config="true" duration-ms="114" started-at="2020-02-22T23:06:18 GMT" finished-at="2020-02-22T23:06:18 GMT">
          <reporter-output>
          </reporter-output>
        </test-method> <!-- setUpClass -->
        <test-method status="PASS" signature="runScenario(io.cucumber.testng.PickleWrapper, io.cucumber.testng.FeatureWrapper)[pri:0, instance:cucumberOptions.TestRunner@ba2f4ec]" name="runScenario" duration-ms="21331" started-at="2020-02-22T23:06:18 GMT" description="Runs Cucumber Scenarios" data-provider="scenarios" finished-at="2020-02-22T23:06:40 GMT">
          <params>
            <param index="0">
              <value>
                <![CDATA[": Add items to carts"]]>
              </value>
            </param>
            <param index="1">
              <value>
                <![CDATA["Shopping Cart functionality"]]>
              </value>
            </param>
          </params>
          <reporter-output>
          </reporter-output>
        </test-method> <!-- runScenario -->
        <test-method status="PASS" signature="tearDownClass()[pri:0, instance:cucumberOptions.TestRunner@ba2f4ec]" name="tearDownClass" is-config="true" duration-ms="133" started-at="2020-02-22T23:06:40 GMT" finished-at="2020-02-22T23:06:40 GMT">
          <reporter-output>
          </reporter-output>
        </test-method> <!-- tearDownClass -->
      </class> <!-- cucumberOptions.TestRunner -->
    </test> <!-- Auto assignment tests -->
  </suite> <!-- Automation Suite -->
</testng-results>
