<?xml version="1.0" encoding="UTF-8"?>
<testsuite xmlns:xsi="http://www.w3.org/2001/XMLSchema-instance" xsi:noNamespaceSchemaLocation="https://maven.apache.org/surefire/maven-surefire-plugin/xsd/surefire-test-report-3.0.xsd" version="3.0" name="TestSuite" time="156.787" tests="7" errors="0" skipped="0" failures="1">
  <properties>
[...]
</properties>
  <testcase name="runScenario" classname="cucumberOptions.TestRunner" time="18.352"/>
  <testcase name="runScenario" classname="cucumberOptions.TestRunner" time="16.787"/>
  <testcase name="runScenario" classname="cucumberOptions.TestRunner" time="16.785"/>
  <testcase name="runScenario" classname="cucumberOptions.TestRunner" time="18.065"/>
  <testcase name="runScenario" classname="cucumberOptions.TestRunner" time="19.405"/>
  <testcase name="runScenario" classname="cucumberOptions.TestRunner" time="23.077"/>
  <testcase name="runScenario" classname="cucumberOptions.TestRunner" time="41.115">
    <failure message="Expected condition failed: waiting for visibility of [[[[[[ChromeDriver: chrome on WINDOWS (c68cca534c1ed08b3eedfb1254760ae1)] -&gt; css selector: ul[class*=&apos;product_list&apos;]]] -&gt; xpath: //a[@title=&apos;Printed Chiffon Dress&apos;]/following-sibling::div[@class=&apos;content_price&apos;]/span[@class=&apos;price product-price&apos;][contains(text(),&apos;$16.40&apos;)]/ancestor::li]] -&gt; xpath: //a[@title=&apos;Add to cart&apos;]] (tried for 20 second(s) with 500 milliseconds interval)&#10;Build info: version: &apos;3.141.59&apos;, revision: &apos;e82be7d358&apos;, time: &apos;2018-11-14T08:17:03&apos;&#10;System info: host: &apos;DESKTOP-VDUHRSE&apos;, ip: &apos;192.168.0.24&apos;, os.name: &apos;Windows 10&apos;, os.arch: &apos;amd64&apos;, os.version: &apos;10.0&apos;, java.version: &apos;1.8.0_231&apos;&#10;Driver info: org.openqa.selenium.chrome.ChromeDriver&#10;Capabilities {acceptInsecureCerts: false, browserName: chrome, browserVersion: 80.0.3987.116, chrome: {chromedriverVersion: 79.0.3945.36 (3582db32b3389..., userDataDir: C:\Users\adsid\AppData\Loca...}, goog:chromeOptions: {debuggerAddress: localhost:50816}, javascriptEnabled: true, networkConnectionEnabled: false, pageLoadStrategy: normal, platform: WINDOWS, platformName: WINDOWS, proxy: Proxy(), setWindowRect: true, strictFileInteractability: false, timeouts: {implicit: 0, pageLoad: 300000, script: 30000}, unhandledPromptBehavior: dismiss and notify}&#10;Session ID: c68cca534c1ed08b3eedfb1254760ae1" type="org.openqa.selenium.TimeoutException"><![CDATA[org.openqa.selenium.TimeoutException: 
Expected condition failed: waiting for visibility of [[[[[[ChromeDriver: chrome on WINDOWS (c68cca534c1ed08b3eedfb1254760ae1)] -> css selector: ul[class*='product_list']]] -> xpath: //a[@title='Printed Chiffon Dress']/following-sibling::div[@class='content_price']/span[@class='price product-price'][contains(text(),'$16.40')]/ancestor::li]] -> xpath: //a[@title='Add to cart']] (tried for 20 second(s) with 500 milliseconds interval)
Build info: version: '3.141.59', revision: 'e82be7d358', time: '2018-11-14T08:17:03'
System info: host: 'DESKTOP-VDUHRSE', ip: '192.168.0.24', os.name: 'Windows 10', os.arch: 'amd64', os.version: '10.0', java.version: '1.8.0_231'
Driver info: org.openqa.selenium.chrome.ChromeDriver
Capabilities {acceptInsecureCerts: false, browserName: chrome, browserVersion: 80.0.3987.116, chrome: {chromedriverVersion: 79.0.3945.36 (3582db32b3389..., userDataDir: C:\Users\adsid\AppData\Loca...}, goog:chromeOptions: {debuggerAddress: localhost:50816}, javascriptEnabled: true, networkConnectionEnabled: false, pageLoadStrategy: normal, platform: WINDOWS, platformName: WINDOWS, proxy: Proxy(), setWindowRect: true, strictFileInteractability: false, timeouts: {implicit: 0, pageLoad: 300000, script: 30000}, unhandledPromptBehavior: dismiss and notify}
Session ID: c68cca534c1ed08b3eedfb1254760ae1
]]></failure>
    <system-out><![CDATA[
@ShoppingCart
Scenario Outline: : Add items to carts                               &amp#27;[90m# src/test/java/features/ShoppingCart.feature:26&amp#27;[0m
  &amp#27;[32mGiven &amp#27;[0m&amp#27;[32mI am logged into automation practice with email and password&amp#27;[0m &amp#27;[90m# stepDefinitions.ShoppingCartStep.i_am_logged_into_automation_practice_with_email_and_password(io.cucumber.datatable.DataTable)&amp#27;[0m
  &amp#27;[32mAnd &amp#27;[0m&amp#27;[32mI am on accounts page&amp#27;[0m                                          &amp#27;[90m# stepDefinitions.AuthenticationStep.i_am_on_accounts_page()&amp#27;[0m
  &amp#27;[32mWhen &amp#27;[0m&amp#27;[32mI click on woman link&amp#27;[0m                                         &amp#27;[90m# stepDefinitions.ShoppingCartStep.i_click_on_woman_link()&amp#27;[0m
  &amp#27;[32mAnd &amp#27;[0m&amp#27;[32mI click on summer dresses&amp#27;[0m                                      &amp#27;[90m# stepDefinitions.ShoppingCartStep.i_click_on_summer_dresses()&amp#27;[0m
  &amp#27;[31mAnd &amp#27;[0m&amp#27;[31mI add dress to the cart &amp#27;[0m&amp#27;[31m&amp#27;[1m"Printed Chiffon Dress"&amp#27;[0m&amp#27;[31m &amp#27;[0m&amp#27;[31m&amp#27;[1m"$16.40"&amp#27;[0m       &amp#27;[90m# stepDefinitions.ShoppingCartStep.i_add_dress_to_the_cart(java.lang.String,java.lang.String)&amp#27;[0m
      &amp#27;[31morg.openqa.selenium.TimeoutException: Expected condition failed: waiting for visibility of [[[[[[ChromeDriver: chrome on WINDOWS (c68cca534c1ed08b3eedfb1254760ae1)] -> css selector: ul[class*='product_list']]] -> xpath: //a[@title='Printed Chiffon Dress']/following-sibling::div[@class='content_price']/span[@class='price product-price'][contains(text(),'$16.40')]/ancestor::li]] -> xpath: //a[@title='Add to cart']] (tried for 20 second(s) with 500 milliseconds interval)
Build info: version: '3.141.59', revision: 'e82be7d358', time: '2018-11-14T08:17:03'
System info: host: 'DESKTOP-VDUHRSE', ip: '192.168.0.24', os.name: 'Windows 10', os.arch: 'amd64', os.version: '10.0', java.version: '1.8.0_231'
Driver info: org.openqa.selenium.chrome.ChromeDriver
Capabilities {acceptInsecureCerts: false, browserName: chrome, browserVersion: 80.0.3987.116, chrome: {chromedriverVersion: 79.0.3945.36 (3582db32b3389..., userDataDir: C:\Users\adsid\AppData\Loca...}, goog:chromeOptions: {debuggerAddress: localhost:50816}, javascriptEnabled: true, networkConnectionEnabled: false, pageLoadStrategy: normal, platform: WINDOWS, platformName: WINDOWS, proxy: Proxy(), setWindowRect: true, strictFileInteractability: false, timeouts: {implicit: 0, pageLoad: 300000, script: 30000}, unhandledPromptBehavior: dismiss and notify}
Session ID: c68cca534c1ed08b3eedfb1254760ae1
	at org.openqa.selenium.support.ui.WebDriverWait.timeoutException(WebDriverWait.java:95)
	at org.openqa.selenium.support.ui.FluentWait.until(FluentWait.java:272)
	at com.auto.page.DressesPage.addDressToCart(DressesPage.java:41)
	at stepDefinitions.ShoppingCartStep.i_add_dress_to_the_cart(ShoppingCartStep.java:86)
	at ?.I add dress to the cart "Printed Chiffon Dress" "$16.40"(file:///C:/ExceciseTu-workspace/TuiAssignment/src/test/java/features/ShoppingCart.feature:21)
&amp#27;[0m
  &amp#27;[36mThen &amp#27;[0m&amp#27;[36mI see dress is added to cart &amp#27;[0m&amp#27;[36m&amp#27;[1m"Printed Chiffon Dress"&amp#27;[0m&amp#27;[36m &amp#27;[0m&amp#27;[36m&amp#27;[1m"$16.40"&amp#27;[0m &amp#27;[90m# stepDefinitions.ShoppingCartStep.i_see_dress_is_added_to_cart(java.lang.String,java.lang.String)&amp#27;[0m
]]></system-out>
    <system-err><![CDATA[Starting ChromeDriver 79.0.3945.36 (3582db32b33893869b8c1339e8f4d9ed1816f143-refs/branch-heads/3945@{#614}) on port 28307
Only local connections are allowed.
Please protect ports used by ChromeDriver and related test frameworks to prevent access by malicious code.
[1582417810.138][WARNING]: This version of ChromeDriver has not been tested with Chrome version 80.
[1582417812.146][WARNING]: Timed out connecting to Chrome, retrying...
Feb 23, 2020 12:30:14 AM org.openqa.selenium.remote.ProtocolHandshake createSession
INFO: Detected dialect: W3C
[1582417816.199][WARNING]: Timed out connecting to Chrome, retrying...
]]></system-err>
  </testcase>
</testsuite>