<?xml version="1.0" encoding="UTF-8"?>
<testng-results skipped="0" failed="0" ignored="0" total="10" passed="10">
  <reporter-output>
  </reporter-output>
  <suite name="Automation Suite" duration-ms="243051" started-at="2020-02-23T16:56:52 GMT" finished-at="2020-02-23T17:00:55 GMT">
    <groups>
      <group name="cucumber">
        <method signature="AbstractTestNGCucumberTests.runScenario(io.cucumber.testng.PickleWrapper, io.cucumber.testng.FeatureWrapper)[pri:0, instance:cucumberOptions.TestRunner@5656be13]" name="runScenario" class="io.cucumber.testng.AbstractTestNGCucumberTests"/>
      </group> <!-- cucumber -->
    </groups>
    <test name="Auto assignment tests" duration-ms="243051" started-at="2020-02-23T16:56:52 GMT" finished-at="2020-02-23T17:00:55 GMT">
      <class name="cucumberOptions.TestRunner">
        <test-method status="PASS" signature="setUpClass()[pri:0, instance:cucumberOptions.TestRunner@5656be13]" name="setUpClass" is-config="true" duration-ms="306" started-at="2020-02-23T16:56:52 GMT" finished-at="2020-02-23T16:56:53 GMT">
          <reporter-output>
          </reporter-output>
        </test-method> <!-- setUpClass -->
        <test-method status="PASS" signature="runScenario(io.cucumber.testng.PickleWrapper, io.cucumber.testng.FeatureWrapper)[pri:0, instance:cucumberOptions.TestRunner@5656be13]" name="runScenario" duration-ms="24803" started-at="2020-02-23T16:56:53 GMT" description="Runs Cucumber Scenarios" data-provider="scenarios" finished-at="2020-02-23T16:57:18 GMT">
          <params>
            <param index="0">
              <value>
                <![CDATA["Logging in with valid credentials"]]>
              </value>
            </param>
            <param index="1">
              <value>
                <![CDATA["Login functionality"]]>
              </value>
            </param>
          </params>
          <reporter-output>
          </reporter-output>
        </test-method> <!-- runScenario -->
        <test-method status="PASS" signature="runScenario(io.cucumber.testng.PickleWrapper, io.cucumber.testng.FeatureWrapper)[pri:0, instance:cucumberOptions.TestRunner@5656be13]" name="runScenario" duration-ms="18305" started-at="2020-02-23T16:57:18 GMT" description="Runs Cucumber Scenarios" data-provider="scenarios" finished-at="2020-02-23T16:57:36 GMT">
          <params>
            <param index="0">
              <value>
                <![CDATA["Failed login using wrong credentials"]]>
              </value>
            </param>
            <param index="1">
              <value>
                <![CDATA["Login functionality"]]>
              </value>
            </param>
          </params>
          <reporter-output>
          </reporter-output>
        </test-method> <!-- runScenario -->
        <test-method status="PASS" signature="runScenario(io.cucumber.testng.PickleWrapper, io.cucumber.testng.FeatureWrapper)[pri:0, instance:cucumberOptions.TestRunner@5656be13]" name="runScenario" duration-ms="17871" started-at="2020-02-23T16:57:36 GMT" description="Runs Cucumber Scenarios" data-provider="scenarios" finished-at="2020-02-23T16:57:54 GMT">
          <params>
            <param index="0">
              <value>
                <![CDATA["Failed login using wrong credentials"]]>
              </value>
            </param>
            <param index="1">
              <value>
                <![CDATA["Login functionality"]]>
              </value>
            </param>
          </params>
          <reporter-output>
          </reporter-output>
        </test-method> <!-- runScenario -->
        <test-method status="PASS" signature="runScenario(io.cucumber.testng.PickleWrapper, io.cucumber.testng.FeatureWrapper)[pri:0, instance:cucumberOptions.TestRunner@5656be13]" name="runScenario" duration-ms="17323" started-at="2020-02-23T16:57:54 GMT" description="Runs Cucumber Scenarios" data-provider="scenarios" finished-at="2020-02-23T16:58:11 GMT">
          <params>
            <param index="0">
              <value>
                <![CDATA["Failed login using wrong credentials"]]>
              </value>
            </param>
            <param index="1">
              <value>
                <![CDATA["Login functionality"]]>
              </value>
            </param>
          </params>
          <reporter-output>
          </reporter-output>
        </test-method> <!-- runScenario -->
        <test-method status="PASS" signature="runScenario(io.cucumber.testng.PickleWrapper, io.cucumber.testng.FeatureWrapper)[pri:0, instance:cucumberOptions.TestRunner@5656be13]" name="runScenario" duration-ms="34233" started-at="2020-02-23T16:58:11 GMT" description="Runs Cucumber Scenarios" data-provider="scenarios" finished-at="2020-02-23T16:58:46 GMT">
          <params>
            <param index="0">
              <value>
                <![CDATA["Checkout and buy item in the cart"]]>
              </value>
            </param>
            <param index="1">
              <value>
                <![CDATA["Checkout functionality"]]>
              </value>
            </param>
          </params>
          <reporter-output>
          </reporter-output>
        </test-method> <!-- runScenario -->
        <test-method status="PASS" signature="runScenario(io.cucumber.testng.PickleWrapper, io.cucumber.testng.FeatureWrapper)[pri:0, instance:cucumberOptions.TestRunner@5656be13]" name="runScenario" duration-ms="19755" started-at="2020-02-23T16:58:46 GMT" description="Runs Cucumber Scenarios" data-provider="scenarios" finished-at="2020-02-23T16:59:05 GMT">
          <params>
            <param index="0">
              <value>
                <![CDATA["Verify shopping cart is empty"]]>
              </value>
            </param>
            <param index="1">
              <value>
                <![CDATA["Shopping Cart functionality"]]>
              </value>
            </param>
          </params>
          <reporter-output>
          </reporter-output>
        </test-method> <!-- runScenario -->
        <test-method status="PASS" signature="runScenario(io.cucumber.testng.PickleWrapper, io.cucumber.testng.FeatureWrapper)[pri:0, instance:cucumberOptions.TestRunner@5656be13]" name="runScenario" duration-ms="28736" started-at="2020-02-23T16:59:05 GMT" description="Runs Cucumber Scenarios" data-provider="scenarios" finished-at="2020-02-23T16:59:34 GMT">
          <params>
            <param index="0">
              <value>
                <![CDATA["Add items to carts"]]>
              </value>
            </param>
            <param index="1">
              <value>
                <![CDATA["Shopping Cart functionality"]]>
              </value>
            </param>
          </params>
          <reporter-output>
          </reporter-output>
        </test-method> <!-- runScenario -->
        <test-method status="PASS" signature="runScenario(io.cucumber.testng.PickleWrapper, io.cucumber.testng.FeatureWrapper)[pri:0, instance:cucumberOptions.TestRunner@5656be13]" name="runScenario" duration-ms="25464" started-at="2020-02-23T16:59:34 GMT" description="Runs Cucumber Scenarios" data-provider="scenarios" finished-at="2020-02-23T17:00:00 GMT">
          <params>
            <param index="0">
              <value>
                <![CDATA["Add items to carts"]]>
              </value>
            </param>
            <param index="1">
              <value>
                <![CDATA["Shopping Cart functionality"]]>
              </value>
            </param>
          </params>
          <reporter-output>
          </reporter-output>
        </test-method> <!-- runScenario -->
        <test-method status="PASS" signature="runScenario(io.cucumber.testng.PickleWrapper, io.cucumber.testng.FeatureWrapper)[pri:0, instance:cucumberOptions.TestRunner@5656be13]" name="runScenario" duration-ms="26343" started-at="2020-02-23T17:00:00 GMT" description="Runs Cucumber Scenarios" data-provider="scenarios" finished-at="2020-02-23T17:00:26 GMT">
          <params>
            <param index="0">
              <value>
                <![CDATA["Increase the item count in the cart"]]>
              </value>
            </param>
            <param index="1">
              <value>
                <![CDATA["Shopping Cart functionality"]]>
              </value>
            </param>
          </params>
          <reporter-output>
          </reporter-output>
        </test-method> <!-- runScenario -->
        <test-method status="PASS" signature="runScenario(io.cucumber.testng.PickleWrapper, io.cucumber.testng.FeatureWrapper)[pri:0, instance:cucumberOptions.TestRunner@5656be13]" name="runScenario" duration-ms="29125" started-at="2020-02-23T17:00:26 GMT" description="Runs Cucumber Scenarios" data-provider="scenarios" finished-at="2020-02-23T17:00:55 GMT">
          <params>
            <param index="0">
              <value>
                <![CDATA["Empty cart"]]>
              </value>
            </param>
            <param index="1">
              <value>
                <![CDATA["Shopping Cart functionality"]]>
              </value>
            </param>
          </params>
          <reporter-output>
          </reporter-output>
        </test-method> <!-- runScenario -->
        <test-method status="PASS" signature="tearDownClass()[pri:0, instance:cucumberOptions.TestRunner@5656be13]" name="tearDownClass" is-config="true" duration-ms="270" started-at="2020-02-23T17:00:55 GMT" finished-at="2020-02-23T17:00:55 GMT">
          <reporter-output>
          </reporter-output>
        </test-method> <!-- tearDownClass -->
      </class> <!-- cucumberOptions.TestRunner -->
    </test> <!-- Auto assignment tests -->
  </suite> <!-- Automation Suite -->
</testng-results>
