<?xml version="1.0" encoding="UTF-8"?>
<testsuite xmlns:xsi="http://www.w3.org/2001/XMLSchema-instance" xsi:noNamespaceSchemaLocation="https://maven.apache.org/surefire/maven-surefire-plugin/xsd/surefire-test-report-3.0.xsd" version="3.0" name="TestSuite" time="246.72" tests="10" errors="0" skipped="0" failures="0">
  <properties>
[...]
</properties>
  <testcase name="runScenario" classname="cucumberOptions.TestRunner" time="24.809"/>
  <testcase name="runScenario" classname="cucumberOptions.TestRunner" time="18.3"/>
  <testcase name="runScenario" classname="cucumberOptions.TestRunner" time="17.872"/>
  <testcase name="runScenario" classname="cucumberOptions.TestRunner" time="17.325"/>
  <testcase name="runScenario" classname="cucumberOptions.TestRunner" time="34.234"/>
  <testcase name="runScenario" classname="cucumberOptions.TestRunner" time="19.755"/>
  <testcase name="runScenario" classname="cucumberOptions.TestRunner" time="28.736"/>
  <testcase name="runScenario" classname="cucumberOptions.TestRunner" time="25.465"/>
  <testcase name="runScenario" classname="cucumberOptions.TestRunner" time="26.345"/>
  <testcase name="runScenario" classname="cucumberOptions.TestRunner" time="29.125"/>
</testsuite>