<?xml version="1.0" encoding="UTF-8"?>
<!-- Generated by org.testng.reporters.JUnitXMLReporter -->
<testsuite hostname="DESKTOP-VDUHRSE" ignored="0" name="Auto assignment tests" tests="2" failures="0" timestamp="2020-02-23T01:02:50 GMT" time="48.738" errors="0">
  <testcase name="runScenario" time="24.288" classname="io.cucumber.testng.AbstractTestNGCucumberTests"/>
  <testcase name="runScenario" time="23.784" classname="io.cucumber.testng.AbstractTestNGCucumberTests"/>
</testsuite> <!-- Auto assignment tests -->
