<?xml version="1.0" encoding="UTF-8"?>
<!-- Generated by org.testng.reporters.JUnitXMLReporter -->
<testsuite hostname="DESKTOP-VDUHRSE" ignored="0" name="Default test" tests="1" failures="1" timestamp="2020-02-22T19:19:17 GMT" time="13.45" errors="0">
  <testcase name="runScenario" time="12.607" classname="io.cucumber.testng.AbstractTestNGCucumberTests">
    <failure type="java.lang.NullPointerException">
      <![CDATA[java.lang.NullPointerException
at com.auto.page.InitializePage.setUp(InitializePage.java:90)
at stepDefinitions.Hooks.beforeScenario(Hooks.java:13)
]]>
    </failure>
  </testcase> <!-- runScenario -->
</testsuite> <!-- Default test -->
